<?xml version="1.0" encoding="UTF-8"?>
<beans xmlns="http://www.springframework.org/schema/beans"
       xmlns:xsi="http://www.w3.org/2001/XMLSchema-instance"
       xmlns:jpa="http://www.springframework.org/schema/data/jpa"
       xmlns:context="http://www.springframework.org/schema/context" xmlns:tx="http://www.springframework.org/schema/tx"
       xsi:schemaLocation="http://www.springframework.org/schema/beans
                           http://www.springframework.org/schema/beans/spring-beans.xsd
                           http://www.springframework.org/schema/context
                           http://www.springframework.org/schema/context/spring-context.xsd
                           http://www.springframework.org/schema/tx
                           http://www.springframework.org/schema/tx/spring-tx.xsd
                           http://www.springframework.org/schema/data/jpa
                           http://www.springframework.org/schema/data/jpa/spring-jpa.xsd">

       <context:property-placeholder location="db.properties"/>
       <context:component-scan base-package="service,repository"/>
       <tx:annotation-driven/>
       <jpa:repositories base-package="jpa.repository" entity-manager-factory-ref="entityManager"/>

       <bean id="dataSource" class="org.springframework.jdbc.datasource.DriverManagerDataSource">
              <property name="driverClassName" value="com.mysql.jdbc.Driver"/>
              <property name="url" value="${test.db.url}"/>
              <property name="username" value="${test.user}"/>
              <property name="password" value="${test.password}"/>
       </bean>

       <bean id="entityManager" class="org.springframework.orm.jpa.LocalContainerEntityManagerFactoryBean">
              <property name="dataSource" ref="dataSource"/>
              <property name="packagesToScan" value="jpa.entity"/>
              <property name="jpaVendorAdapter">
                     <bean class="org.springframework.orm.jpa.vendor.HibernateJpaVendorAdapter"/>
              </property>
              <property name="jpaProperties">
                     <props>
                            <prop key="javax.persistence.lock.timeout">${javax.persistence.lock.timeout}</prop>
                            <prop key="hibernate.show_sql">${hibernate.show_sql}</prop>
                            <prop key="hibernate.format_sql">${hibernate.format_sql}</prop>
                            <prop key="hibernate.dialect">${hibernate.dialect}</prop>
                     </props>
              </property>
       </bean>

       <bean id="transactionManager" class="org.springframework.orm.jpa.JpaTransactionManager">
              <property name="entityManagerFactory" ref="entityManager"/>
       </bean>

       <bean id="persistenceExceptionTranslationPostProcessor"
             class="org.springframework.dao.annotation.PersistenceExceptionTranslationPostProcessor">
       </bean>

</beans>