<?xml version="1.0" encoding="UTF-8"?>
<beans xmlns="http://www.springframework.org/schema/beans"
       xmlns:xsi="http://www.w3.org/2001/XMLSchema-instance"
       xmlns:context="http://www.springframework.org/schema/context"
       xmlns:mongo="http://www.springframework.org/schema/data/mongo"
       xsi:schemaLocation="http://www.springframework.org/schema/beans
                           http://www.springframework.org/schema/beans/spring-beans.xsd
                           http://www.springframework.org/schema/context
                           http://www.springframework.org/schema/context/spring-context.xsd
                            http://www.springframework.org/schema/data/mongo http://www.springframework.org/schema/data/mongo/spring-mongo.xsd">

    <context:property-placeholder location="db.properties"/>
    <context:component-scan base-package="service, repository"/>
    <mongo:repositories base-package="repository" />
    <mongo:mongo id="mongo" host="localhost" port="27017"/>

    <bean id="mongoClient" class="com.mongodb.MongoClient">

    </bean>
    <bean id="mongoTemplate" class="org.springframework.data.mongodb.core.MongoTemplate">
        <constructor-arg ref="mongo"/>
        <constructor-arg name="databaseName" value="spring-data"/>
    </bean>
</beans>